Run: 2025-10-14 22:42:59 UTC

Logged in to Kickbase.
Warning: Failed to process achievement bonus {'i': '11421442105', 't': 26, 'coc': 0, 'data': {'t': 7502, 'n': 'Goal machine', 'd': 'Your players scored most goals in your league'}, 'dt': '2025-10-06T17:51:44Z'}: 'er'
Warning: Failed to process achievement bonus {'i': '11421441977', 't': 26, 'coc': 0, 'data': {'t': 5001, 'n': 'MVP', 'd': 'Own the best player of a match day'}, 'dt': '2025-10-06T17:51:44Z'}: 'er'
Warning: Failed to process achievement bonus {'i': '11421441864', 't': 26, 'coc': 0, 'data': {'t': 301, 'n': 'Match winner', 'd': 'Score at least 300 points with a player'}, 'dt': '2025-10-06T17:51:43Z'}: 'er'
Warning: Failed to process achievement bonus {'i': '11421441781', 't': 26, 'coc': 0, 'data': {'t': 300, 'n': 'Top scorer', 'd': 'Score at least 200 points with a player'}, 'dt': '2025-10-06T17:51:43Z'}: 'er'
Warning: Failed to process achievement bonus {'i': '11421441670', 't': 26, 'coc': 0, 'data': {'t': 102, 'n': 'Match day points gold', 'd': 'Score at least 1500 points during a match day'}, 'dt': '2025-10-06T17:51:43Z'}: 'er'
Warning: Failed to process achievement bonus {'i': '11421441593', 't': 26, 'coc': 0, 'data': {'t': 101, 'n': 'Match day points silver', 'd': 'Score at least 1000 points during a match day'}, 'dt': '2025-10-06T17:51:43Z'}: 'er'
Warning: Failed to process achievement bonus {'i': '11421441484', 't': 26, 'coc': 0, 'data': {'t': 5, 'n': 'Match day winner', 'd': 'Win the match day'}, 'dt': '2025-10-06T17:51:43Z'}: 'er'
Warning: Failed to process achievement bonus {'i': '11408719412', 't': 26, 'coc': 0, 'data': {'t': 402, 'n': 'Team value gold', 'd': 'Own a team with a value of 200 mil.'}, 'dt': '2025-10-03T18:06:28Z'}: 'er'
Warning: Failed to process achievement bonus {'i': '11395664619', 't': 26, 'coc': 0, 'data': {'t': 300, 'n': 'Top scorer', 'd': 'Score at least 200 points with a player'}, 'dt': '2025-09-29T18:09:21Z'}: 'er'
Warning: Failed to process achievement bonus {'i': '11395664502', 't': 26, 'coc': 0, 'data': {'t': 201, 'n': 'Season points silver', 'd': 'Score at least 5.000 points during a season'}, 'dt': '2025-09-29T18:09:21Z'}: 'er'
Warning: Failed to process achievement bonus {'i': '11395664399', 't': 26, 'coc': 0, 'data': {'t': 101, 'n': 'Match day points silver', 'd': 'Score at least 1000 points during a match day'}, 'dt': '2025-09-29T18:09:21Z'}: 'er'
Warning: Failed to process achievement bonus {'i': '11382028995', 't': 26, 'coc': 0, 'data': {'t': 701, 'n': 'Bronze hand', 'd': 'Yield 3 mil profit with a player. No transfers between managers.'}, 'dt': '2025-09-26T20:14:18Z'}: 'er'
Warning: Failed to process achievement bonus {'i': '11367904171', 't': 26, 'coc': 0, 'data': {'t': 300, 'n': 'Top scorer', 'd': 'Score at least 200 points with a player'}, 'dt': '2025-09-22T17:53:13Z'}: 'er'
Warning: Failed to process achievement bonus {'i': '11340676804', 't': 26, 'coc': 0, 'data': {'t': 7502, 'n': 'Goal machine', 'd': 'Your players scored most goals in your league'}, 'dt': '2025-09-15T22:47:14Z'}: 'er'
Warning: Failed to process achievement bonus {'i': '11340676671', 't': 26, 'coc': 0, 'data': {'t': 300, 'n': 'Top scorer', 'd': 'Score at least 200 points with a player'}, 'dt': '2025-09-15T22:47:14Z'}: 'er'
Warning: Failed to process achievement bonus {'i': '11340676576', 't': 26, 'coc': 0, 'data': {'t': 101, 'n': 'Match day points silver', 'd': 'Score at least 1000 points during a match day'}, 'dt': '2025-09-15T22:47:14Z'}: 'er'
Warning: Failed to process achievement bonus {'i': '11340676465', 't': 26, 'coc': 0, 'data': {'t': 5, 'n': 'Match day winner', 'd': 'Win the match day'}, 'dt': '2025-09-15T22:47:14Z'}: 'er'
Warning: Failed to process achievement bonus {'i': '11289153806', 't': 26, 'coc': 0, 'data': {'t': 101, 'n': 'Match day points silver', 'd': 'Score at least 1000 points during a match day'}, 'dt': '2025-09-01T18:16:41Z'}: 'er'
Warning: Failed to process achievement bonus {'i': '11261203308', 't': 26, 'coc': 0, 'data': {'t': 301, 'n': 'Match winner', 'd': 'Score at least 300 points with a player'}, 'dt': '2025-08-25T17:55:52Z'}: 'er'
Warning: Failed to process achievement bonus {'i': '11261203197', 't': 26, 'coc': 0, 'data': {'t': 300, 'n': 'Top scorer', 'd': 'Score at least 200 points with a player'}, 'dt': '2025-08-25T17:55:52Z'}: 'er'
Warning: Failed to process achievement bonus {'i': '11261203098', 't': 26, 'coc': 0, 'data': {'t': 200, 'n': 'Season points bronze', 'd': 'Score at least 1.000 points during a season'}, 'dt': '2025-08-25T17:55:52Z'}: 'er'
Warning: Failed to process achievement bonus {'i': '11261202999', 't': 26, 'coc': 0, 'data': {'t': 101, 'n': 'Match day points silver', 'd': 'Score at least 1000 points during a match day'}, 'dt': '2025-08-25T17:55:52Z'}: 'er'
Warning: Failed to process achievement bonus {'i': '11261202882', 't': 26, 'coc': 0, 'data': {'t': 100, 'n': 'Match day points bronze', 'd': 'Score at least 500 points during a match day'}, 'dt': '2025-08-25T17:55:52Z'}: 'er'
Warning: Failed to process achievement bonus {'i': '11244575359', 't': 26, 'coc': 0, 'data': {'t': 700, 'n': 'The right touch', 'd': 'Yield 1 mil profit with a player. No transfers between managers.'}, 'dt': '2025-08-21T21:53:44Z'}: 'er'
Warning: Failed to process achievement bonus {'i': '11237418950', 't': 26, 'coc': 0, 'data': {'t': 501, 'n': 'Transfer King bronze', 'd': 'Sell or buy 50 players during a season'}, 'dt': '2025-08-19T18:22:18Z'}: 'er'
Warning: Failed to process achievement bonus {'i': '11198504486', 't': 26, 'coc': 0, 'data': {'t': 401, 'n': 'Team value silver', 'd': 'Own a team with a value of 150 mil.'}, 'dt': '2025-08-05T00:25:11Z'}: 'er'
Warning: Failed to process achievement bonus {'i': '11196879387', 't': 26, 'coc': 0, 'data': {'t': 400, 'n': 'Team value bronze', 'd': 'Own a team with a value of 125 mil.'}, 'dt': '2025-08-04T08:45:07Z'}: 'er'
Warning: Failed to process achievement bonus {'i': '11190450263', 't': 26, 'coc': 0, 'data': {'t': 500, 'n': 'First deal', 'd': 'Sell or buy 1 player during a season'}, 'dt': '2025-08-01T09:09:41Z'}: 'er'
Warning: Failed to process achievement bonus {'i': '11190141281', 't': 26, 'coc': 0, 'data': {'t': 602, 'n': '2. Liga', 'd': 'Your league has at least 12 managers'}, 'dt': '2025-08-01T05:55:56Z'}: 'er'
Warning: Failed to process achievement bonus {'i': '11190141280', 't': 26, 'coc': 0, 'data': {'t': 601, 'n': 'Regionalliga', 'd': 'Your league has at least 6 managers'}, 'dt': '2025-08-01T05:55:56Z'}: 'er'
Warning: Failed to process achievement bonus {'i': '11190141278', 't': 26, 'coc': 0, 'data': {'t': 600, 'n': 'Kreisliga', 'd': 'Your league has at least 3 managers'}, 'dt': '2025-08-01T05:55:56Z'}: 'er'

=== Manager Budgets ===
             User      Budget  Team Value  Max Negative  Available Budget
0        Simon ❗️   2.134.791 208.127.005   -69.386.393        71.521.184
1          Freddy  -9.338.983 252.348.720   -80.193.213        70.854.230
2           Henok   4.163.328 195.073.227   -65.748.063        69.911.391
3        Mare1987    -896.754 205.804.064   -67.619.412        66.722.658
4           frahd  -5.231.830 213.008.092   -68.566.166        63.334.336
5         Batigol  12.886.864 136.106.431   -49.167.787        62.054.651
6         Simon94   2.036.824 176.609.305   -58.953.223        60.990.047
7        MACHETE    1.538.504 169.249.142   -56.359.923        57.898.427
8        BAN PIVA   3.582.869 153.117.813   -51.711.225        55.294.094
9         Elvisee -11.210.966 202.432.301   -63.103.041        51.892.075
10  David Nikolic   3.316.620 138.198.582   -46.700.017        50.016.637
11          Jens  -25.999.286 254.269.180   -75.329.065        49.329.779
12      JesseJay  -17.704.678 197.592.712   -59.363.051        41.658.373
13      Falco1899  -5.117.564 142.871.636   -45.458.844        40.341.280
14      Christoph -40.952.650 246.219.964   -67.738.214        26.785.564

Data reload needed, this takes a few minutes...
Traceback (most recent call last):
  File "/opt/hostedtoolcache/Python/3.11.13/x64/lib/python3.11/site-packages/urllib3/connectionpool.py", line 787, in urlopen
    response = self._make_request(
               ^^^^^^^^^^^^^^^^^^^
  File "/opt/hostedtoolcache/Python/3.11.13/x64/lib/python3.11/site-packages/urllib3/connectionpool.py", line 534, in _make_request
    response = conn.getresponse()
               ^^^^^^^^^^^^^^^^^^
  File "/opt/hostedtoolcache/Python/3.11.13/x64/lib/python3.11/site-packages/urllib3/connection.py", line 565, in getresponse
    httplib_response = super().getresponse()
                       ^^^^^^^^^^^^^^^^^^^^^
  File "/opt/hostedtoolcache/Python/3.11.13/x64/lib/python3.11/http/client.py", line 1395, in getresponse
    response.begin()
  File "/opt/hostedtoolcache/Python/3.11.13/x64/lib/python3.11/http/client.py", line 325, in begin
    version, status, reason = self._read_status()
                              ^^^^^^^^^^^^^^^^^^^
  File "/opt/hostedtoolcache/Python/3.11.13/x64/lib/python3.11/http/client.py", line 294, in _read_status
    raise RemoteDisconnected("Remote end closed connection without"
http.client.RemoteDisconnected: Remote end closed connection without response

During handling of the above exception, another exception occurred:

Traceback (most recent call last):
  File "/opt/hostedtoolcache/Python/3.11.13/x64/lib/python3.11/site-packages/requests/adapters.py", line 644, in send
    resp = conn.urlopen(
           ^^^^^^^^^^^^^
  File "/opt/hostedtoolcache/Python/3.11.13/x64/lib/python3.11/site-packages/urllib3/connectionpool.py", line 841, in urlopen
    retries = retries.increment(
              ^^^^^^^^^^^^^^^^^^
  File "/opt/hostedtoolcache/Python/3.11.13/x64/lib/python3.11/site-packages/urllib3/util/retry.py", line 474, in increment
    raise reraise(type(error), error, _stacktrace)
          ^^^^^^^^^^^^^^^^^^^^^^^^^^^^^^^^^^^^^^^^
  File "/opt/hostedtoolcache/Python/3.11.13/x64/lib/python3.11/site-packages/urllib3/util/util.py", line 38, in reraise
    raise value.with_traceback(tb)
  File "/opt/hostedtoolcache/Python/3.11.13/x64/lib/python3.11/site-packages/urllib3/connectionpool.py", line 787, in urlopen
    response = self._make_request(
               ^^^^^^^^^^^^^^^^^^^
  File "/opt/hostedtoolcache/Python/3.11.13/x64/lib/python3.11/site-packages/urllib3/connectionpool.py", line 534, in _make_request
    response = conn.getresponse()
               ^^^^^^^^^^^^^^^^^^
  File "/opt/hostedtoolcache/Python/3.11.13/x64/lib/python3.11/site-packages/urllib3/connection.py", line 565, in getresponse
    httplib_response = super().getresponse()
                       ^^^^^^^^^^^^^^^^^^^^^
  File "/opt/hostedtoolcache/Python/3.11.13/x64/lib/python3.11/http/client.py", line 1395, in getresponse
    response.begin()
  File "/opt/hostedtoolcache/Python/3.11.13/x64/lib/python3.11/http/client.py", line 325, in begin
    version, status, reason = self._read_status()
                              ^^^^^^^^^^^^^^^^^^^
  File "/opt/hostedtoolcache/Python/3.11.13/x64/lib/python3.11/http/client.py", line 294, in _read_status
    raise RemoteDisconnected("Remote end closed connection without"
urllib3.exceptions.ProtocolError: ('Connection aborted.', RemoteDisconnected('Remote end closed connection without response'))

During handling of the above exception, another exception occurred:

Traceback (most recent call last):
  File "/home/runner/work/Kickbase-Trading-Advisor/Kickbase-Trading-Advisor/daily_predictions.py", line 82, in <module>
    save_player_data_to_db(token, competition_ids, last_mv_values, last_pfm_values, reload_data)
  File "/home/runner/work/Kickbase-Trading-Advisor/Kickbase-Trading-Advisor/features/predictions/data_handler.py", line 110, in save_player_data_to_db
    players = get_all_players(token, competition_id)
              ^^^^^^^^^^^^^^^^^^^^^^^^^^^^^^^^^^^^^^
  File "/home/runner/work/Kickbase-Trading-Advisor/Kickbase-Trading-Advisor/kickbase_api/player.py", line 65, in get_all_players
    data = get_json_with_token(url, token)
           ^^^^^^^^^^^^^^^^^^^^^^^^^^^^^^^
  File "/home/runner/work/Kickbase-Trading-Advisor/Kickbase-Trading-Advisor/kickbase_api/config.py", line 9, in get_json_with_token
    resp = requests.get(url, headers=headers)
           ^^^^^^^^^^^^^^^^^^^^^^^^^^^^^^^^^^
  File "/opt/hostedtoolcache/Python/3.11.13/x64/lib/python3.11/site-packages/requests/api.py", line 73, in get
    return request("get", url, params=params, **kwargs)
           ^^^^^^^^^^^^^^^^^^^^^^^^^^^^^^^^^^^^^^^^^^^^
  File "/opt/hostedtoolcache/Python/3.11.13/x64/lib/python3.11/site-packages/requests/api.py", line 59, in request
    return session.request(method=method, url=url, **kwargs)
           ^^^^^^^^^^^^^^^^^^^^^^^^^^^^^^^^^^^^^^^^^^^^^^^^^
  File "/opt/hostedtoolcache/Python/3.11.13/x64/lib/python3.11/site-packages/requests/sessions.py", line 589, in request
    resp = self.send(prep, **send_kwargs)
           ^^^^^^^^^^^^^^^^^^^^^^^^^^^^^^
  File "/opt/hostedtoolcache/Python/3.11.13/x64/lib/python3.11/site-packages/requests/sessions.py", line 703, in send
    r = adapter.send(request, **kwargs)
        ^^^^^^^^^^^^^^^^^^^^^^^^^^^^^^^
  File "/opt/hostedtoolcache/Python/3.11.13/x64/lib/python3.11/site-packages/requests/adapters.py", line 659, in send
    raise ConnectionError(err, request=request)
requests.exceptions.ConnectionError: ('Connection aborted.', RemoteDisconnected('Remote end closed connection without response'))
