Run: 2025-10-27 22:39:48 UTC

Logged in to Kickbase.
Warning: Failed to process achievement bonus {'i': '11492097779', 't': 26, 'coc': 0, 'data': {'t': 300, 'n': 'Top scorer', 'd': 'Score at least 200 points with a player'}, 'dt': '2025-10-27T18:57:28Z'}: 'er'
Warning: Failed to process achievement bonus {'i': '11492097640', 't': 26, 'coc': 0, 'data': {'t': 101, 'n': 'Match day points silver', 'd': 'Score at least 1000 points during a match day'}, 'dt': '2025-10-27T18:57:28Z'}: 'er'
Warning: Failed to process achievement bonus {'i': '11485239501', 't': 26, 'coc': 0, 'data': {'t': 502, 'n': 'Transfer King silver', 'd': 'Sell or buy 250 players during a season'}, 'dt': '2025-10-26T19:18:47Z'}: 'er'
Warning: Failed to process achievement bonus {'i': '11467140990', 't': 26, 'coc': 0, 'data': {'t': 7502, 'n': 'Goal machine', 'd': 'Your players scored most goals in your league'}, 'dt': '2025-10-20T17:58:57Z'}: 'ac'
Warning: Failed to process achievement bonus {'i': '11467140874', 't': 26, 'coc': 0, 'data': {'t': 5001, 'n': 'MVP', 'd': 'Own the best player of a match day'}, 'dt': '2025-10-20T17:58:57Z'}: 'er'
Warning: Failed to process achievement bonus {'i': '11467140773', 't': 26, 'coc': 0, 'data': {'t': 301, 'n': 'Match winner', 'd': 'Score at least 300 points with a player'}, 'dt': '2025-10-20T17:58:57Z'}: 'er'
Warning: Failed to process achievement bonus {'i': '11467140699', 't': 26, 'coc': 0, 'data': {'t': 300, 'n': 'Top scorer', 'd': 'Score at least 200 points with a player'}, 'dt': '2025-10-20T17:58:56Z'}: 'er'
Warning: Failed to process achievement bonus {'i': '11467140527', 't': 26, 'coc': 0, 'data': {'t': 101, 'n': 'Match day points silver', 'd': 'Score at least 1000 points during a match day'}, 'dt': '2025-10-20T17:58:56Z'}: 'er'
Warning: Failed to process achievement bonus {'i': '11421442105', 't': 26, 'coc': 0, 'data': {'t': 7502, 'n': 'Goal machine', 'd': 'Your players scored most goals in your league'}, 'dt': '2025-10-06T17:51:44Z'}: 'ac'
Warning: Failed to process achievement bonus {'i': '11421441977', 't': 26, 'coc': 0, 'data': {'t': 5001, 'n': 'MVP', 'd': 'Own the best player of a match day'}, 'dt': '2025-10-06T17:51:44Z'}: 'er'
Warning: Failed to process achievement bonus {'i': '11421441864', 't': 26, 'coc': 0, 'data': {'t': 301, 'n': 'Match winner', 'd': 'Score at least 300 points with a player'}, 'dt': '2025-10-06T17:51:43Z'}: 'er'
Warning: Failed to process achievement bonus {'i': '11421441781', 't': 26, 'coc': 0, 'data': {'t': 300, 'n': 'Top scorer', 'd': 'Score at least 200 points with a player'}, 'dt': '2025-10-06T17:51:43Z'}: 'er'
Warning: Failed to process achievement bonus {'i': '11421441670', 't': 26, 'coc': 0, 'data': {'t': 102, 'n': 'Match day points gold', 'd': 'Score at least 1500 points during a match day'}, 'dt': '2025-10-06T17:51:43Z'}: 'er'
Warning: Failed to process achievement bonus {'i': '11421441593', 't': 26, 'coc': 0, 'data': {'t': 101, 'n': 'Match day points silver', 'd': 'Score at least 1000 points during a match day'}, 'dt': '2025-10-06T17:51:43Z'}: 'er'
Warning: Failed to process achievement bonus {'i': '11421441484', 't': 26, 'coc': 0, 'data': {'t': 5, 'n': 'Match day winner', 'd': 'Win the match day'}, 'dt': '2025-10-06T17:51:43Z'}: 'er'
Warning: Failed to process achievement bonus {'i': '11408719412', 't': 26, 'coc': 0, 'data': {'t': 402, 'n': 'Team value gold', 'd': 'Own a team with a value of 200 mil.'}, 'dt': '2025-10-03T18:06:28Z'}: 'er'
Warning: Failed to process achievement bonus {'i': '11395664619', 't': 26, 'coc': 0, 'data': {'t': 300, 'n': 'Top scorer', 'd': 'Score at least 200 points with a player'}, 'dt': '2025-09-29T18:09:21Z'}: 'er'
Warning: Failed to process achievement bonus {'i': '11395664502', 't': 26, 'coc': 0, 'data': {'t': 201, 'n': 'Season points silver', 'd': 'Score at least 5.000 points during a season'}, 'dt': '2025-09-29T18:09:21Z'}: 'er'
Warning: Failed to process achievement bonus {'i': '11395664399', 't': 26, 'coc': 0, 'data': {'t': 101, 'n': 'Match day points silver', 'd': 'Score at least 1000 points during a match day'}, 'dt': '2025-09-29T18:09:21Z'}: 'er'
Warning: Failed to process achievement bonus {'i': '11382028995', 't': 26, 'coc': 0, 'data': {'t': 701, 'n': 'Bronze hand', 'd': 'Yield 3 mil profit with a player. No transfers between managers.'}, 'dt': '2025-09-26T20:14:18Z'}: 'er'
Warning: Failed to process achievement bonus {'i': '11367904171', 't': 26, 'coc': 0, 'data': {'t': 300, 'n': 'Top scorer', 'd': 'Score at least 200 points with a player'}, 'dt': '2025-09-22T17:53:13Z'}: 'er'
Warning: Failed to process achievement bonus {'i': '11340676804', 't': 26, 'coc': 0, 'data': {'t': 7502, 'n': 'Goal machine', 'd': 'Your players scored most goals in your league'}, 'dt': '2025-09-15T22:47:14Z'}: 'ac'
Warning: Failed to process achievement bonus {'i': '11340676671', 't': 26, 'coc': 0, 'data': {'t': 300, 'n': 'Top scorer', 'd': 'Score at least 200 points with a player'}, 'dt': '2025-09-15T22:47:14Z'}: 'er'
Warning: Failed to process achievement bonus {'i': '11340676576', 't': 26, 'coc': 0, 'data': {'t': 101, 'n': 'Match day points silver', 'd': 'Score at least 1000 points during a match day'}, 'dt': '2025-09-15T22:47:14Z'}: 'er'
Warning: Failed to process achievement bonus {'i': '11340676465', 't': 26, 'coc': 0, 'data': {'t': 5, 'n': 'Match day winner', 'd': 'Win the match day'}, 'dt': '2025-09-15T22:47:14Z'}: 'er'
Warning: Failed to process achievement bonus {'i': '11289153806', 't': 26, 'coc': 0, 'data': {'t': 101, 'n': 'Match day points silver', 'd': 'Score at least 1000 points during a match day'}, 'dt': '2025-09-01T18:16:41Z'}: 'er'
Warning: Failed to process achievement bonus {'i': '11261203308', 't': 26, 'coc': 0, 'data': {'t': 301, 'n': 'Match winner', 'd': 'Score at least 300 points with a player'}, 'dt': '2025-08-25T17:55:52Z'}: 'er'
Warning: Failed to process achievement bonus {'i': '11261203197', 't': 26, 'coc': 0, 'data': {'t': 300, 'n': 'Top scorer', 'd': 'Score at least 200 points with a player'}, 'dt': '2025-08-25T17:55:52Z'}: 'er'
Warning: Failed to process achievement bonus {'i': '11261203098', 't': 26, 'coc': 0, 'data': {'t': 200, 'n': 'Season points bronze', 'd': 'Score at least 1.000 points during a season'}, 'dt': '2025-08-25T17:55:52Z'}: 'er'
Warning: Failed to process achievement bonus {'i': '11261202999', 't': 26, 'coc': 0, 'data': {'t': 101, 'n': 'Match day points silver', 'd': 'Score at least 1000 points during a match day'}, 'dt': '2025-08-25T17:55:52Z'}: 'er'
Warning: Failed to process achievement bonus {'i': '11261202882', 't': 26, 'coc': 0, 'data': {'t': 100, 'n': 'Match day points bronze', 'd': 'Score at least 500 points during a match day'}, 'dt': '2025-08-25T17:55:52Z'}: 'er'
Warning: Failed to process achievement bonus {'i': '11244575359', 't': 26, 'coc': 0, 'data': {'t': 700, 'n': 'The right touch', 'd': 'Yield 1 mil profit with a player. No transfers between managers.'}, 'dt': '2025-08-21T21:53:44Z'}: 'er'
Warning: Failed to process achievement bonus {'i': '11237418950', 't': 26, 'coc': 0, 'data': {'t': 501, 'n': 'Transfer King bronze', 'd': 'Sell or buy 50 players during a season'}, 'dt': '2025-08-19T18:22:18Z'}: 'er'
Warning: Failed to process achievement bonus {'i': '11198504486', 't': 26, 'coc': 0, 'data': {'t': 401, 'n': 'Team value silver', 'd': 'Own a team with a value of 150 mil.'}, 'dt': '2025-08-05T00:25:11Z'}: 'er'
Warning: Failed to process achievement bonus {'i': '11196879387', 't': 26, 'coc': 0, 'data': {'t': 400, 'n': 'Team value bronze', 'd': 'Own a team with a value of 125 mil.'}, 'dt': '2025-08-04T08:45:07Z'}: 'er'
Warning: Failed to process achievement bonus {'i': '11190450263', 't': 26, 'coc': 0, 'data': {'t': 500, 'n': 'First deal', 'd': 'Sell or buy 1 player during a season'}, 'dt': '2025-08-01T09:09:41Z'}: 'er'
Warning: Failed to process achievement bonus {'i': '11190141281', 't': 26, 'coc': 0, 'data': {'t': 602, 'n': '2. Liga', 'd': 'Your league has at least 12 managers'}, 'dt': '2025-08-01T05:55:56Z'}: 'er'
Warning: Failed to process achievement bonus {'i': '11190141280', 't': 26, 'coc': 0, 'data': {'t': 601, 'n': 'Regionalliga', 'd': 'Your league has at least 6 managers'}, 'dt': '2025-08-01T05:55:56Z'}: 'er'
Warning: Failed to process achievement bonus {'i': '11190141278', 't': 26, 'coc': 0, 'data': {'t': 600, 'n': 'Kreisliga', 'd': 'Your league has at least 3 managers'}, 'dt': '2025-08-01T05:55:56Z'}: 'er'

=== Manager Budgets ===
             User      Budget  Team Value  Max Negative  Available Budget
0           Henok  25.631.024 181.410.032   -68.323.548        93.954.572
1         Batigol  37.205.541 125.124.946   -53.569.061        90.774.602
2           frahd  13.279.472 201.438.843   -70.857.044        84.136.516
3         Elvisee   9.765.130 203.298.622   -70.311.038        80.076.168
4           Jens   -7.626.793 258.650.542   -82.837.837        75.211.044
5          Freddy -10.346.317 268.864.964   -85.311.154        74.964.837
6        Mare1987   1.933.644 204.294.751   -68.055.370        69.989.014
7        MACHETE       74.378 174.197.086   -57.509.583        57.583.961
8        Simon ❗️ -14.038.057 227.863.161   -70.562.284        56.524.227
9         Simon94  -6.841.064 187.995.154   -59.780.850        52.939.786
10      Falco1899   5.891.645 134.227.497   -46.239.317        52.130.962
11  David Nikolic   4.385.521 138.327.992   -47.095.459        51.480.980
12       BAN PIVA      22.369 154.571.546   -51.015.992        51.038.361
13      Christoph -24.033.260 249.293.015   -74.335.719        50.302.459
14      JesseJay  -16.906.371 211.791.361   -64.312.047        47.405.676

Data reload needed, this takes a few minutes...
Traceback (most recent call last):
  File "/opt/hostedtoolcache/Python/3.11.13/x64/lib/python3.11/site-packages/requests/models.py", line 820, in generate
    yield from self.raw.stream(chunk_size, decode_content=True)
  File "/opt/hostedtoolcache/Python/3.11.13/x64/lib/python3.11/site-packages/urllib3/response.py", line 1088, in stream
    yield from self.read_chunked(amt, decode_content=decode_content)
  File "/opt/hostedtoolcache/Python/3.11.13/x64/lib/python3.11/site-packages/urllib3/response.py", line 1248, in read_chunked
    self._update_chunk_length()
  File "/opt/hostedtoolcache/Python/3.11.13/x64/lib/python3.11/site-packages/urllib3/response.py", line 1178, in _update_chunk_length
    raise ProtocolError("Response ended prematurely") from None
urllib3.exceptions.ProtocolError: Response ended prematurely

During handling of the above exception, another exception occurred:

Traceback (most recent call last):
  File "/home/runner/work/Kickbase-Trading-Advisor/Kickbase-Trading-Advisor/daily_predictions.py", line 82, in <module>
    save_player_data_to_db(token, competition_ids, last_mv_values, last_pfm_values, reload_data)
  File "/home/runner/work/Kickbase-Trading-Advisor/Kickbase-Trading-Advisor/features/predictions/data_handler.py", line 156, in save_player_data_to_db
    comp_dfs = list(executor.map(process_player, players))
               ^^^^^^^^^^^^^^^^^^^^^^^^^^^^^^^^^^^^^^^^^^^
  File "/opt/hostedtoolcache/Python/3.11.13/x64/lib/python3.11/concurrent/futures/_base.py", line 619, in result_iterator
    yield _result_or_cancel(fs.pop())
          ^^^^^^^^^^^^^^^^^^^^^^^^^^^
  File "/opt/hostedtoolcache/Python/3.11.13/x64/lib/python3.11/concurrent/futures/_base.py", line 317, in _result_or_cancel
    return fut.result(timeout)
           ^^^^^^^^^^^^^^^^^^^
  File "/opt/hostedtoolcache/Python/3.11.13/x64/lib/python3.11/concurrent/futures/_base.py", line 456, in result
    return self.__get_result()
           ^^^^^^^^^^^^^^^^^^^
  File "/opt/hostedtoolcache/Python/3.11.13/x64/lib/python3.11/concurrent/futures/_base.py", line 401, in __get_result
    raise self._exception
  File "/opt/hostedtoolcache/Python/3.11.13/x64/lib/python3.11/concurrent/futures/thread.py", line 58, in run
    result = self.fn(*self.args, **self.kwargs)
             ^^^^^^^^^^^^^^^^^^^^^^^^^^^^^^^^^^
  File "/home/runner/work/Kickbase-Trading-Advisor/Kickbase-Trading-Advisor/features/predictions/data_handler.py", line 130, in process_player
    p_df = pd.DataFrame(get_player_performance(token, competition_id, player_id, last_pfm_values, player_team_id))
                        ^^^^^^^^^^^^^^^^^^^^^^^^^^^^^^^^^^^^^^^^^^^^^^^^^^^^^^^^^^^^^^^^^^^^^^^^^^^^^^^^^^^^^^^^^
  File "/home/runner/work/Kickbase-Trading-Advisor/Kickbase-Trading-Advisor/kickbase_api/player.py", line 79, in get_player_performance
    data = get_json_with_token(url, token)
           ^^^^^^^^^^^^^^^^^^^^^^^^^^^^^^^
  File "/home/runner/work/Kickbase-Trading-Advisor/Kickbase-Trading-Advisor/kickbase_api/config.py", line 9, in get_json_with_token
    resp = requests.get(url, headers=headers)
           ^^^^^^^^^^^^^^^^^^^^^^^^^^^^^^^^^^
  File "/opt/hostedtoolcache/Python/3.11.13/x64/lib/python3.11/site-packages/requests/api.py", line 73, in get
    return request("get", url, params=params, **kwargs)
           ^^^^^^^^^^^^^^^^^^^^^^^^^^^^^^^^^^^^^^^^^^^^
  File "/opt/hostedtoolcache/Python/3.11.13/x64/lib/python3.11/site-packages/requests/api.py", line 59, in request
    return session.request(method=method, url=url, **kwargs)
           ^^^^^^^^^^^^^^^^^^^^^^^^^^^^^^^^^^^^^^^^^^^^^^^^^
  File "/opt/hostedtoolcache/Python/3.11.13/x64/lib/python3.11/site-packages/requests/sessions.py", line 589, in request
    resp = self.send(prep, **send_kwargs)
           ^^^^^^^^^^^^^^^^^^^^^^^^^^^^^^
  File "/opt/hostedtoolcache/Python/3.11.13/x64/lib/python3.11/site-packages/requests/sessions.py", line 746, in send
    r.content
  File "/opt/hostedtoolcache/Python/3.11.13/x64/lib/python3.11/site-packages/requests/models.py", line 902, in content
    self._content = b"".join(self.iter_content(CONTENT_CHUNK_SIZE)) or b""
                    ^^^^^^^^^^^^^^^^^^^^^^^^^^^^^^^^^^^^^^^^^^^^^^^
  File "/opt/hostedtoolcache/Python/3.11.13/x64/lib/python3.11/site-packages/requests/models.py", line 822, in generate
    raise ChunkedEncodingError(e)
requests.exceptions.ChunkedEncodingError: Response ended prematurely
