Run: 2025-10-29 22:41:06 UTC

Logged in to Kickbase.
Warning: Failed to process achievement bonus {'i': '11492097779', 't': 26, 'coc': 0, 'data': {'t': 300, 'n': 'Top scorer', 'd': 'Score at least 200 points with a player'}, 'dt': '2025-10-27T18:57:28Z'}: 'er'
Warning: Failed to process achievement bonus {'i': '11492097640', 't': 26, 'coc': 0, 'data': {'t': 101, 'n': 'Match day points silver', 'd': 'Score at least 1000 points during a match day'}, 'dt': '2025-10-27T18:57:28Z'}: 'er'
Warning: Failed to process achievement bonus {'i': '11485239501', 't': 26, 'coc': 0, 'data': {'t': 502, 'n': 'Transfer King silver', 'd': 'Sell or buy 250 players during a season'}, 'dt': '2025-10-26T19:18:47Z'}: 'er'
Warning: Failed to process achievement bonus {'i': '11467140990', 't': 26, 'coc': 0, 'data': {'t': 7502, 'n': 'Goal machine', 'd': 'Your players scored most goals in your league'}, 'dt': '2025-10-20T17:58:57Z'}: 'ac'
Warning: Failed to process achievement bonus {'i': '11467140874', 't': 26, 'coc': 0, 'data': {'t': 5001, 'n': 'MVP', 'd': 'Own the best player of a match day'}, 'dt': '2025-10-20T17:58:57Z'}: 'er'
Warning: Failed to process achievement bonus {'i': '11467140773', 't': 26, 'coc': 0, 'data': {'t': 301, 'n': 'Match winner', 'd': 'Score at least 300 points with a player'}, 'dt': '2025-10-20T17:58:57Z'}: 'er'
Warning: Failed to process achievement bonus {'i': '11467140699', 't': 26, 'coc': 0, 'data': {'t': 300, 'n': 'Top scorer', 'd': 'Score at least 200 points with a player'}, 'dt': '2025-10-20T17:58:56Z'}: 'er'
Warning: Failed to process achievement bonus {'i': '11467140527', 't': 26, 'coc': 0, 'data': {'t': 101, 'n': 'Match day points silver', 'd': 'Score at least 1000 points during a match day'}, 'dt': '2025-10-20T17:58:56Z'}: 'er'
Warning: Failed to process achievement bonus {'i': '11421442105', 't': 26, 'coc': 0, 'data': {'t': 7502, 'n': 'Goal machine', 'd': 'Your players scored most goals in your league'}, 'dt': '2025-10-06T17:51:44Z'}: 'ac'
Warning: Failed to process achievement bonus {'i': '11421441977', 't': 26, 'coc': 0, 'data': {'t': 5001, 'n': 'MVP', 'd': 'Own the best player of a match day'}, 'dt': '2025-10-06T17:51:44Z'}: 'er'
Warning: Failed to process achievement bonus {'i': '11421441864', 't': 26, 'coc': 0, 'data': {'t': 301, 'n': 'Match winner', 'd': 'Score at least 300 points with a player'}, 'dt': '2025-10-06T17:51:43Z'}: 'er'
Warning: Failed to process achievement bonus {'i': '11421441781', 't': 26, 'coc': 0, 'data': {'t': 300, 'n': 'Top scorer', 'd': 'Score at least 200 points with a player'}, 'dt': '2025-10-06T17:51:43Z'}: 'er'
Warning: Failed to process achievement bonus {'i': '11421441670', 't': 26, 'coc': 0, 'data': {'t': 102, 'n': 'Match day points gold', 'd': 'Score at least 1500 points during a match day'}, 'dt': '2025-10-06T17:51:43Z'}: 'er'
Warning: Failed to process achievement bonus {'i': '11421441593', 't': 26, 'coc': 0, 'data': {'t': 101, 'n': 'Match day points silver', 'd': 'Score at least 1000 points during a match day'}, 'dt': '2025-10-06T17:51:43Z'}: 'er'
Warning: Failed to process achievement bonus {'i': '11421441484', 't': 26, 'coc': 0, 'data': {'t': 5, 'n': 'Match day winner', 'd': 'Win the match day'}, 'dt': '2025-10-06T17:51:43Z'}: 'er'
Warning: Failed to process achievement bonus {'i': '11408719412', 't': 26, 'coc': 0, 'data': {'t': 402, 'n': 'Team value gold', 'd': 'Own a team with a value of 200 mil.'}, 'dt': '2025-10-03T18:06:28Z'}: 'er'
Warning: Failed to process achievement bonus {'i': '11395664619', 't': 26, 'coc': 0, 'data': {'t': 300, 'n': 'Top scorer', 'd': 'Score at least 200 points with a player'}, 'dt': '2025-09-29T18:09:21Z'}: 'er'
Warning: Failed to process achievement bonus {'i': '11395664502', 't': 26, 'coc': 0, 'data': {'t': 201, 'n': 'Season points silver', 'd': 'Score at least 5.000 points during a season'}, 'dt': '2025-09-29T18:09:21Z'}: 'er'
Warning: Failed to process achievement bonus {'i': '11395664399', 't': 26, 'coc': 0, 'data': {'t': 101, 'n': 'Match day points silver', 'd': 'Score at least 1000 points during a match day'}, 'dt': '2025-09-29T18:09:21Z'}: 'er'
Warning: Failed to process achievement bonus {'i': '11382028995', 't': 26, 'coc': 0, 'data': {'t': 701, 'n': 'Bronze hand', 'd': 'Yield 3 mil profit with a player. No transfers between managers.'}, 'dt': '2025-09-26T20:14:18Z'}: 'er'
Warning: Failed to process achievement bonus {'i': '11367904171', 't': 26, 'coc': 0, 'data': {'t': 300, 'n': 'Top scorer', 'd': 'Score at least 200 points with a player'}, 'dt': '2025-09-22T17:53:13Z'}: 'er'
Warning: Failed to process achievement bonus {'i': '11340676804', 't': 26, 'coc': 0, 'data': {'t': 7502, 'n': 'Goal machine', 'd': 'Your players scored most goals in your league'}, 'dt': '2025-09-15T22:47:14Z'}: 'ac'
Warning: Failed to process achievement bonus {'i': '11340676671', 't': 26, 'coc': 0, 'data': {'t': 300, 'n': 'Top scorer', 'd': 'Score at least 200 points with a player'}, 'dt': '2025-09-15T22:47:14Z'}: 'er'
Warning: Failed to process achievement bonus {'i': '11340676576', 't': 26, 'coc': 0, 'data': {'t': 101, 'n': 'Match day points silver', 'd': 'Score at least 1000 points during a match day'}, 'dt': '2025-09-15T22:47:14Z'}: 'er'
Warning: Failed to process achievement bonus {'i': '11340676465', 't': 26, 'coc': 0, 'data': {'t': 5, 'n': 'Match day winner', 'd': 'Win the match day'}, 'dt': '2025-09-15T22:47:14Z'}: 'er'
Warning: Failed to process achievement bonus {'i': '11289153806', 't': 26, 'coc': 0, 'data': {'t': 101, 'n': 'Match day points silver', 'd': 'Score at least 1000 points during a match day'}, 'dt': '2025-09-01T18:16:41Z'}: 'er'
Warning: Failed to process achievement bonus {'i': '11261203308', 't': 26, 'coc': 0, 'data': {'t': 301, 'n': 'Match winner', 'd': 'Score at least 300 points with a player'}, 'dt': '2025-08-25T17:55:52Z'}: 'er'
Warning: Failed to process achievement bonus {'i': '11261203197', 't': 26, 'coc': 0, 'data': {'t': 300, 'n': 'Top scorer', 'd': 'Score at least 200 points with a player'}, 'dt': '2025-08-25T17:55:52Z'}: 'er'
Warning: Failed to process achievement bonus {'i': '11261203098', 't': 26, 'coc': 0, 'data': {'t': 200, 'n': 'Season points bronze', 'd': 'Score at least 1.000 points during a season'}, 'dt': '2025-08-25T17:55:52Z'}: 'er'
Warning: Failed to process achievement bonus {'i': '11261202999', 't': 26, 'coc': 0, 'data': {'t': 101, 'n': 'Match day points silver', 'd': 'Score at least 1000 points during a match day'}, 'dt': '2025-08-25T17:55:52Z'}: 'er'
Warning: Failed to process achievement bonus {'i': '11261202882', 't': 26, 'coc': 0, 'data': {'t': 100, 'n': 'Match day points bronze', 'd': 'Score at least 500 points during a match day'}, 'dt': '2025-08-25T17:55:52Z'}: 'er'
Warning: Failed to process achievement bonus {'i': '11244575359', 't': 26, 'coc': 0, 'data': {'t': 700, 'n': 'The right touch', 'd': 'Yield 1 mil profit with a player. No transfers between managers.'}, 'dt': '2025-08-21T21:53:44Z'}: 'er'
Warning: Failed to process achievement bonus {'i': '11237418950', 't': 26, 'coc': 0, 'data': {'t': 501, 'n': 'Transfer King bronze', 'd': 'Sell or buy 50 players during a season'}, 'dt': '2025-08-19T18:22:18Z'}: 'er'
Warning: Failed to process achievement bonus {'i': '11198504486', 't': 26, 'coc': 0, 'data': {'t': 401, 'n': 'Team value silver', 'd': 'Own a team with a value of 150 mil.'}, 'dt': '2025-08-05T00:25:11Z'}: 'er'
Warning: Failed to process achievement bonus {'i': '11196879387', 't': 26, 'coc': 0, 'data': {'t': 400, 'n': 'Team value bronze', 'd': 'Own a team with a value of 125 mil.'}, 'dt': '2025-08-04T08:45:07Z'}: 'er'
Warning: Failed to process achievement bonus {'i': '11190450263', 't': 26, 'coc': 0, 'data': {'t': 500, 'n': 'First deal', 'd': 'Sell or buy 1 player during a season'}, 'dt': '2025-08-01T09:09:41Z'}: 'er'
Warning: Failed to process achievement bonus {'i': '11190141281', 't': 26, 'coc': 0, 'data': {'t': 602, 'n': '2. Liga', 'd': 'Your league has at least 12 managers'}, 'dt': '2025-08-01T05:55:56Z'}: 'er'
Warning: Failed to process achievement bonus {'i': '11190141280', 't': 26, 'coc': 0, 'data': {'t': 601, 'n': 'Regionalliga', 'd': 'Your league has at least 6 managers'}, 'dt': '2025-08-01T05:55:56Z'}: 'er'
Warning: Failed to process achievement bonus {'i': '11190141278', 't': 26, 'coc': 0, 'data': {'t': 600, 'n': 'Kreisliga', 'd': 'Your league has at least 3 managers'}, 'dt': '2025-08-01T05:55:56Z'}: 'er'

=== Manager Budgets ===
             User      Budget  Team Value  Max Negative  Available Budget
0          Freddy  -7.084.392 269.692.033   -86.660.522        79.576.130
1           Henok   8.131.025 199.710.274   -68.587.629        76.718.654
2        Mare1987   2.133.644 205.397.693   -68.485.341        70.618.985
3           frahd  -4.774.145 221.521.711   -71.526.697        66.752.552
4         Elvisee  -7.409.870 224.423.235   -71.614.410        64.204.540
5        MACHETE      274.378 173.838.350   -57.457.200        57.731.578
6           Jens  -27.032.199 283.035.439   -84.481.069        57.448.870
7         Simon94  -6.641.064 188.807.687   -60.114.986        53.473.922
8       Falco1899   6.091.645 135.389.313   -46.688.716        52.780.361
9   David Nikolic   4.585.521 139.487.573   -47.544.121        52.129.642
10      Christoph -24.245.365 254.712.765   -76.054.242        51.808.877
11        Batigol  -1.992.756 164.449.304   -53.610.661        51.617.905
12       Simon ❗️ -22.418.165 236.337.525   -70.593.389        48.175.224
13      JesseJay  -18.506.371 216.682.508   -65.398.125        46.891.754
14       BAN PIVA  -5.416.919 162.958.355   -51.988.674        46.571.755

Data reload needed, this takes a few minutes...
Traceback (most recent call last):
  File "/opt/hostedtoolcache/Python/3.11.13/x64/lib/python3.11/site-packages/urllib3/connectionpool.py", line 787, in urlopen
    response = self._make_request(
               ^^^^^^^^^^^^^^^^^^^
  File "/opt/hostedtoolcache/Python/3.11.13/x64/lib/python3.11/site-packages/urllib3/connectionpool.py", line 488, in _make_request
    raise new_e
  File "/opt/hostedtoolcache/Python/3.11.13/x64/lib/python3.11/site-packages/urllib3/connectionpool.py", line 464, in _make_request
    self._validate_conn(conn)
  File "/opt/hostedtoolcache/Python/3.11.13/x64/lib/python3.11/site-packages/urllib3/connectionpool.py", line 1093, in _validate_conn
    conn.connect()
  File "/opt/hostedtoolcache/Python/3.11.13/x64/lib/python3.11/site-packages/urllib3/connection.py", line 790, in connect
    sock_and_verified = _ssl_wrap_socket_and_match_hostname(
                        ^^^^^^^^^^^^^^^^^^^^^^^^^^^^^^^^^^^^
  File "/opt/hostedtoolcache/Python/3.11.13/x64/lib/python3.11/site-packages/urllib3/connection.py", line 969, in _ssl_wrap_socket_and_match_hostname
    ssl_sock = ssl_wrap_socket(
               ^^^^^^^^^^^^^^^^
  File "/opt/hostedtoolcache/Python/3.11.13/x64/lib/python3.11/site-packages/urllib3/util/ssl_.py", line 480, in ssl_wrap_socket
    ssl_sock = _ssl_wrap_socket_impl(sock, context, tls_in_tls, server_hostname)
               ^^^^^^^^^^^^^^^^^^^^^^^^^^^^^^^^^^^^^^^^^^^^^^^^^^^^^^^^^^^^^^^^^
  File "/opt/hostedtoolcache/Python/3.11.13/x64/lib/python3.11/site-packages/urllib3/util/ssl_.py", line 524, in _ssl_wrap_socket_impl
    return ssl_context.wrap_socket(sock, server_hostname=server_hostname)
           ^^^^^^^^^^^^^^^^^^^^^^^^^^^^^^^^^^^^^^^^^^^^^^^^^^^^^^^^^^^^^^
  File "/opt/hostedtoolcache/Python/3.11.13/x64/lib/python3.11/ssl.py", line 517, in wrap_socket
    return self.sslsocket_class._create(
           ^^^^^^^^^^^^^^^^^^^^^^^^^^^^^
  File "/opt/hostedtoolcache/Python/3.11.13/x64/lib/python3.11/ssl.py", line 1104, in _create
    self.do_handshake()
  File "/opt/hostedtoolcache/Python/3.11.13/x64/lib/python3.11/ssl.py", line 1382, in do_handshake
    self._sslobj.do_handshake()
ConnectionResetError: [Errno 104] Connection reset by peer

During handling of the above exception, another exception occurred:

Traceback (most recent call last):
  File "/opt/hostedtoolcache/Python/3.11.13/x64/lib/python3.11/site-packages/requests/adapters.py", line 644, in send
    resp = conn.urlopen(
           ^^^^^^^^^^^^^
  File "/opt/hostedtoolcache/Python/3.11.13/x64/lib/python3.11/site-packages/urllib3/connectionpool.py", line 841, in urlopen
    retries = retries.increment(
              ^^^^^^^^^^^^^^^^^^
  File "/opt/hostedtoolcache/Python/3.11.13/x64/lib/python3.11/site-packages/urllib3/util/retry.py", line 474, in increment
    raise reraise(type(error), error, _stacktrace)
          ^^^^^^^^^^^^^^^^^^^^^^^^^^^^^^^^^^^^^^^^
  File "/opt/hostedtoolcache/Python/3.11.13/x64/lib/python3.11/site-packages/urllib3/util/util.py", line 38, in reraise
    raise value.with_traceback(tb)
  File "/opt/hostedtoolcache/Python/3.11.13/x64/lib/python3.11/site-packages/urllib3/connectionpool.py", line 787, in urlopen
    response = self._make_request(
               ^^^^^^^^^^^^^^^^^^^
  File "/opt/hostedtoolcache/Python/3.11.13/x64/lib/python3.11/site-packages/urllib3/connectionpool.py", line 488, in _make_request
    raise new_e
  File "/opt/hostedtoolcache/Python/3.11.13/x64/lib/python3.11/site-packages/urllib3/connectionpool.py", line 464, in _make_request
    self._validate_conn(conn)
  File "/opt/hostedtoolcache/Python/3.11.13/x64/lib/python3.11/site-packages/urllib3/connectionpool.py", line 1093, in _validate_conn
    conn.connect()
  File "/opt/hostedtoolcache/Python/3.11.13/x64/lib/python3.11/site-packages/urllib3/connection.py", line 790, in connect
    sock_and_verified = _ssl_wrap_socket_and_match_hostname(
                        ^^^^^^^^^^^^^^^^^^^^^^^^^^^^^^^^^^^^
  File "/opt/hostedtoolcache/Python/3.11.13/x64/lib/python3.11/site-packages/urllib3/connection.py", line 969, in _ssl_wrap_socket_and_match_hostname
    ssl_sock = ssl_wrap_socket(
               ^^^^^^^^^^^^^^^^
  File "/opt/hostedtoolcache/Python/3.11.13/x64/lib/python3.11/site-packages/urllib3/util/ssl_.py", line 480, in ssl_wrap_socket
    ssl_sock = _ssl_wrap_socket_impl(sock, context, tls_in_tls, server_hostname)
               ^^^^^^^^^^^^^^^^^^^^^^^^^^^^^^^^^^^^^^^^^^^^^^^^^^^^^^^^^^^^^^^^^
  File "/opt/hostedtoolcache/Python/3.11.13/x64/lib/python3.11/site-packages/urllib3/util/ssl_.py", line 524, in _ssl_wrap_socket_impl
    return ssl_context.wrap_socket(sock, server_hostname=server_hostname)
           ^^^^^^^^^^^^^^^^^^^^^^^^^^^^^^^^^^^^^^^^^^^^^^^^^^^^^^^^^^^^^^
  File "/opt/hostedtoolcache/Python/3.11.13/x64/lib/python3.11/ssl.py", line 517, in wrap_socket
    return self.sslsocket_class._create(
           ^^^^^^^^^^^^^^^^^^^^^^^^^^^^^
  File "/opt/hostedtoolcache/Python/3.11.13/x64/lib/python3.11/ssl.py", line 1104, in _create
    self.do_handshake()
  File "/opt/hostedtoolcache/Python/3.11.13/x64/lib/python3.11/ssl.py", line 1382, in do_handshake
    self._sslobj.do_handshake()
urllib3.exceptions.ProtocolError: ('Connection aborted.', ConnectionResetError(104, 'Connection reset by peer'))

During handling of the above exception, another exception occurred:

Traceback (most recent call last):
  File "/home/runner/work/Kickbase-Trading-Advisor/Kickbase-Trading-Advisor/daily_predictions.py", line 82, in <module>
    save_player_data_to_db(token, competition_ids, last_mv_values, last_pfm_values, reload_data)
  File "/home/runner/work/Kickbase-Trading-Advisor/Kickbase-Trading-Advisor/features/predictions/data_handler.py", line 156, in save_player_data_to_db
    comp_dfs = list(executor.map(process_player, players))
               ^^^^^^^^^^^^^^^^^^^^^^^^^^^^^^^^^^^^^^^^^^^
  File "/opt/hostedtoolcache/Python/3.11.13/x64/lib/python3.11/concurrent/futures/_base.py", line 619, in result_iterator
    yield _result_or_cancel(fs.pop())
          ^^^^^^^^^^^^^^^^^^^^^^^^^^^
  File "/opt/hostedtoolcache/Python/3.11.13/x64/lib/python3.11/concurrent/futures/_base.py", line 317, in _result_or_cancel
    return fut.result(timeout)
           ^^^^^^^^^^^^^^^^^^^
  File "/opt/hostedtoolcache/Python/3.11.13/x64/lib/python3.11/concurrent/futures/_base.py", line 449, in result
    return self.__get_result()
           ^^^^^^^^^^^^^^^^^^^
  File "/opt/hostedtoolcache/Python/3.11.13/x64/lib/python3.11/concurrent/futures/_base.py", line 401, in __get_result
    raise self._exception
  File "/opt/hostedtoolcache/Python/3.11.13/x64/lib/python3.11/concurrent/futures/thread.py", line 58, in run
    result = self.fn(*self.args, **self.kwargs)
             ^^^^^^^^^^^^^^^^^^^^^^^^^^^^^^^^^^
  File "/home/runner/work/Kickbase-Trading-Advisor/Kickbase-Trading-Advisor/features/predictions/data_handler.py", line 113, in process_player
    player_info = get_player_info(token, competition_id, player_id)
                  ^^^^^^^^^^^^^^^^^^^^^^^^^^^^^^^^^^^^^^^^^^^^^^^^^
  File "/home/runner/work/Kickbase-Trading-Advisor/Kickbase-Trading-Advisor/kickbase_api/player.py", line 43, in get_player_info
    data = get_json_with_token(url, token)
           ^^^^^^^^^^^^^^^^^^^^^^^^^^^^^^^
  File "/home/runner/work/Kickbase-Trading-Advisor/Kickbase-Trading-Advisor/kickbase_api/config.py", line 9, in get_json_with_token
    resp = requests.get(url, headers=headers)
           ^^^^^^^^^^^^^^^^^^^^^^^^^^^^^^^^^^
  File "/opt/hostedtoolcache/Python/3.11.13/x64/lib/python3.11/site-packages/requests/api.py", line 73, in get
    return request("get", url, params=params, **kwargs)
           ^^^^^^^^^^^^^^^^^^^^^^^^^^^^^^^^^^^^^^^^^^^^
  File "/opt/hostedtoolcache/Python/3.11.13/x64/lib/python3.11/site-packages/requests/api.py", line 59, in request
    return session.request(method=method, url=url, **kwargs)
           ^^^^^^^^^^^^^^^^^^^^^^^^^^^^^^^^^^^^^^^^^^^^^^^^^
  File "/opt/hostedtoolcache/Python/3.11.13/x64/lib/python3.11/site-packages/requests/sessions.py", line 589, in request
    resp = self.send(prep, **send_kwargs)
           ^^^^^^^^^^^^^^^^^^^^^^^^^^^^^^
  File "/opt/hostedtoolcache/Python/3.11.13/x64/lib/python3.11/site-packages/requests/sessions.py", line 703, in send
    r = adapter.send(request, **kwargs)
        ^^^^^^^^^^^^^^^^^^^^^^^^^^^^^^^
  File "/opt/hostedtoolcache/Python/3.11.13/x64/lib/python3.11/site-packages/requests/adapters.py", line 659, in send
    raise ConnectionError(err, request=request)
requests.exceptions.ConnectionError: ('Connection aborted.', ConnectionResetError(104, 'Connection reset by peer'))
